<?xml version="1.0" encoding="UTF-8"?>
<!-- Generated by org.testng.reporters.JUnitXMLReporter -->
<testsuite ignored="1" hostname="IN-PG02A7W0" failures="0" tests="1" name="Default test" time="76.268" errors="0" timestamp="2022-10-07T14:51:58 IST">
  <testcase classname="Com.Sample.testcases.LoginTest" name="correctemailtest" time="3.412">
    <skipped/>
  </testcase> <!-- correctemailtest -->
  <testcase classname="Com.Sample.testcases.LoginTest" name="Incorrectemailtest" time="0.0">
    <ignored/>
  </testcase> <!-- Incorrectemailtest -->
</testsuite> <!-- Default test -->
