<?xml version="1.0" encoding="UTF-8"?>
<testng-results ignored="1" total="2" passed="1" failed="0" skipped="0">
  <reporter-output>
  </reporter-output>
  <suite started-at="2022-10-06T17:04:23 IST" name="Default suite" finished-at="2022-10-06T17:05:31 IST" duration-ms="67912">
    <groups>
    </groups>
    <test started-at="2022-10-06T17:04:23 IST" name="Default test" finished-at="2022-10-06T17:05:31 IST" duration-ms="67912">
      <class name="Com.Sample.testcases.LoginTest">
        <test-method is-config="true" signature="init()[pri:0, instance:Com.Sample.testcases.LoginTest@45e37a7e]" started-at="2022-10-06T17:04:23 IST" name="init" finished-at="2022-10-06T17:04:23 IST" duration-ms="136" status="PASS">
          <reporter-output>
          </reporter-output>
        </test-method> <!-- init -->
        <test-method is-config="true" signature="startTest(java.lang.reflect.Method)[pri:0, instance:Com.Sample.testcases.LoginTest@45e37a7e]" started-at="2022-10-06T17:04:23 IST" name="startTest" finished-at="2022-10-06T17:04:23 IST" duration-ms="4" status="PASS">
          <params>
            <param index="0">
              <value>
                <![CDATA[public void Com.Sample.testcases.LoginTest.correctemailtest() throws java.lang.Exception]]>
              </value>
            </param>
          </params>
          <reporter-output>
          </reporter-output>
        </test-method> <!-- startTest -->
        <test-method is-config="true" signature="Setup()[pri:0, instance:Com.Sample.testcases.LoginTest@45e37a7e]" started-at="2022-10-06T17:04:23 IST" name="Setup" finished-at="2022-10-06T17:05:23 IST" duration-ms="59193" status="PASS">
          <reporter-output>
          </reporter-output>
        </test-method> <!-- Setup -->
        <test-method signature="correctemailtest()[pri:1, instance:Com.Sample.testcases.LoginTest@45e37a7e]" started-at="2022-10-06T17:05:23 IST" name="correctemailtest" finished-at="2022-10-06T17:05:29 IST" duration-ms="5931" status="PASS">
          <reporter-output>
          </reporter-output>
        </test-method> <!-- correctemailtest -->
        <test-method is-config="true" signature="afterMethod(org.testng.ITestResult)[pri:0, instance:Com.Sample.testcases.LoginTest@45e37a7e]" started-at="2022-10-06T17:05:29 IST" name="afterMethod" finished-at="2022-10-06T17:05:29 IST" duration-ms="292" status="PASS">
          <params>
            <param index="0">
              <value>
                <![CDATA[[TestResult name=correctemailtest status=SUCCESS method=LoginTest.correctemailtest()[pri:1, instance:Com.Sample.testcases.LoginTest@45e37a7e] output={null}]]]>
              </value>
            </param>
          </params>
          <reporter-output>
          </reporter-output>
        </test-method> <!-- afterMethod -->
        <test-method is-config="true" signature="teardown()[pri:0, instance:Com.Sample.testcases.LoginTest@45e37a7e]" started-at="2022-10-06T17:05:29 IST" name="teardown" finished-at="2022-10-06T17:05:31 IST" duration-ms="2457" status="PASS">
          <reporter-output>
          </reporter-output>
        </test-method> <!-- teardown -->
        <test-method is-config="true" signature="reportFlush()[pri:0, instance:Com.Sample.testcases.LoginTest@45e37a7e]" started-at="2022-10-06T17:05:31 IST" name="reportFlush" finished-at="2022-10-06T17:05:31 IST" duration-ms="39" status="PASS">
          <reporter-output>
          </reporter-output>
        </test-method> <!-- reportFlush -->
      </class> <!-- Com.Sample.testcases.LoginTest -->
    </test> <!-- Default test -->
  </suite> <!-- Default suite -->
</testng-results>
