<?xml version="1.0" encoding="UTF-8"?>
<testng-results ignored="0" total="1" passed="1" failed="0" skipped="0">
  <reporter-output>
  </reporter-output>
  <suite started-at="2022-10-07T10:55:46 IST" name="Default suite" finished-at="2022-10-07T10:57:03 IST" duration-ms="77083">
    <groups>
      <group name="sanity">
        <method signature="SellerTest.SellerTest1()[pri:17, instance:Com.Sample.testcases.SellerTest@6731787b]" name="SellerTest1" class="Com.Sample.testcases.SellerTest"/>
      </group> <!-- sanity -->
    </groups>
    <test started-at="2022-10-07T10:55:46 IST" name="Default test" finished-at="2022-10-07T10:57:03 IST" duration-ms="77083">
      <class name="Com.Sample.testcases.SellerTest">
        <test-method is-config="true" signature="init()[pri:0, instance:Com.Sample.testcases.SellerTest@6731787b]" started-at="2022-10-07T10:55:46 IST" name="init" finished-at="2022-10-07T10:55:46 IST" duration-ms="91" status="PASS">
          <reporter-output>
          </reporter-output>
        </test-method> <!-- init -->
        <test-method is-config="true" signature="startTest(java.lang.reflect.Method)[pri:0, instance:Com.Sample.testcases.SellerTest@6731787b]" started-at="2022-10-07T10:55:46 IST" name="startTest" finished-at="2022-10-07T10:55:46 IST" duration-ms="3" status="PASS">
          <params>
            <param index="0">
              <value>
                <![CDATA[public void Com.Sample.testcases.SellerTest.SellerTest1() throws java.lang.InterruptedException]]>
              </value>
            </param>
          </params>
          <reporter-output>
          </reporter-output>
        </test-method> <!-- startTest -->
        <test-method is-config="true" signature="Setup()[pri:0, instance:Com.Sample.testcases.SellerTest@6731787b]" started-at="2022-10-07T10:55:46 IST" name="Setup" finished-at="2022-10-07T10:56:43 IST" duration-ms="57396" status="PASS">
          <reporter-output>
          </reporter-output>
        </test-method> <!-- Setup -->
        <test-method signature="SellerTest1()[pri:17, instance:Com.Sample.testcases.SellerTest@6731787b]" started-at="2022-10-07T10:56:43 IST" name="SellerTest1" finished-at="2022-10-07T10:57:00 IST" duration-ms="17019" status="PASS">
          <reporter-output>
          </reporter-output>
        </test-method> <!-- SellerTest1 -->
        <test-method is-config="true" signature="afterMethod(org.testng.ITestResult)[pri:0, instance:Com.Sample.testcases.SellerTest@6731787b]" started-at="2022-10-07T10:57:00 IST" name="afterMethod" finished-at="2022-10-07T10:57:01 IST" duration-ms="204" status="PASS">
          <params>
            <param index="0">
              <value>
                <![CDATA[[TestResult name=SellerTest1 status=SUCCESS method=SellerTest.SellerTest1()[pri:17, instance:Com.Sample.testcases.SellerTest@6731787b] output={null}]]]>
              </value>
            </param>
          </params>
          <reporter-output>
          </reporter-output>
        </test-method> <!-- afterMethod -->
        <test-method is-config="true" signature="teardown()[pri:0, instance:Com.Sample.testcases.SellerTest@6731787b]" started-at="2022-10-07T10:57:01 IST" name="teardown" finished-at="2022-10-07T10:57:03 IST" duration-ms="2434" status="PASS">
          <reporter-output>
          </reporter-output>
        </test-method> <!-- teardown -->
        <test-method is-config="true" signature="reportFlush()[pri:0, instance:Com.Sample.testcases.SellerTest@6731787b]" started-at="2022-10-07T10:57:03 IST" name="reportFlush" finished-at="2022-10-07T10:57:03 IST" duration-ms="30" status="PASS">
          <reporter-output>
          </reporter-output>
        </test-method> <!-- reportFlush -->
      </class> <!-- Com.Sample.testcases.SellerTest -->
    </test> <!-- Default test -->
  </suite> <!-- Default suite -->
</testng-results>
